This is pdfTeX, Version 3.14159265-2.6-1.40.20 (TeX Live 2019/Debian) (preloaded format=pdflatex 2022.2.11)  6 NOV 2022 12:57
entering extended mode
 restricted \write18 enabled.
 file:line:error style messages enabled.
 %&-line parsing enabled.
**JieLi-designpapersupplement-update3.tex
(./JieLi-designpapersupplement-update3.tex
LaTeX2e <2020-02-02> patch level 2
L3 programming layer <2020-02-14>
(/usr/share/texlive/texmf-dist/tex/latex/base/article.cls
Document Class: article 2019/12/20 v1.4l Standard LaTeX document class
(/usr/share/texlive/texmf-dist/tex/latex/base/size12.clo
File: size12.clo 2019/12/20 v1.4l Standard LaTeX file (size option)
)
\c@part=\count167
\c@section=\count168
\c@subsection=\count169
\c@subsubsection=\count170
\c@paragraph=\count171
\c@subparagraph=\count172
\c@figure=\count173
\c@table=\count174
\abovecaptionskip=\skip47
\belowcaptionskip=\skip48
\bibindent=\dimen134
)
(/usr/share/texlive/texmf-dist/tex/latex/preprint/fullpage.sty
Package: fullpage 1999/02/23 1.1 (PWD)
\FP@margin=\skip49
)
(/usr/share/texlive/texmf-dist/tex/latex/amscls/amsthm.sty
Package: amsthm 2017/10/31 v2.20.4
\thm@style=\toks14
\thm@bodyfont=\toks15
\thm@headfont=\toks16
\thm@notefont=\toks17
\thm@headpunct=\toks18
\thm@preskip=\skip50
\thm@postskip=\skip51
\thm@headsep=\skip52
\dth@everypar=\toks19
)
(/usr/share/texlive/texmf-dist/tex/latex/appendix/appendix.sty
Package: appendix 2020/02/08 v1.2c extra appendix facilities
\c@@pps=\count175
\c@@ppsavesec=\count176
\c@@ppsaveapp=\count177
)
(/usr/share/texlive/texmf-dist/tex/latex/setspace/setspace.sty
Package: setspace 2011/12/19 v6.7a set line spacing
)
(/usr/share/texlive/texmf-dist/tex/latex/base/latexsym.sty
Package: latexsym 1998/08/17 v2.2e Standard LaTeX package (lasy symbols)
\symlasy=\mathgroup4
LaTeX Font Info:    Overwriting symbol font `lasy' in version `bold'
(Font)                  U/lasy/m/n --> U/lasy/b/n on input line 52.
)
(/usr/share/texlive/texmf-dist/tex/latex/graphics/epsfig.sty
Package: epsfig 2017/06/25 v1.7b (e)psfig emulation (SPQR)

(/usr/share/texlive/texmf-dist/tex/latex/graphics/graphicx.sty
Package: graphicx 2019/11/30 v1.2a Enhanced LaTeX Graphics (DPC,SPQR)

(/usr/share/texlive/texmf-dist/tex/latex/graphics/keyval.sty
Package: keyval 2014/10/28 v1.15 key=value parser (DPC)
\KV@toks@=\toks20
)
(/usr/share/texlive/texmf-dist/tex/latex/graphics/graphics.sty
Package: graphics 2019/11/30 v1.4a Standard LaTeX Graphics (DPC,SPQR)

(/usr/share/texlive/texmf-dist/tex/latex/graphics/trig.sty
Package: trig 2016/01/03 v1.10 sin cos tan (DPC)
)
(/usr/share/texlive/texmf-dist/tex/latex/graphics-cfg/graphics.cfg
File: graphics.cfg 2016/06/04 v1.11 sample graphics configuration
)
Package graphics Info: Driver file: pdftex.def on input line 105.

(/usr/share/texlive/texmf-dist/tex/latex/graphics-def/pdftex.def
File: pdftex.def 2018/01/08 v1.0l Graphics/color driver for pdftex
))
\Gin@req@height=\dimen135
\Gin@req@width=\dimen136
)
\epsfxsize=\dimen137
\epsfysize=\dimen138
)
(/usr/share/texlive/texmf-dist/tex/latex/amsmath/amsmath.sty
Package: amsmath 2020/01/20 v2.17e AMS math features
\@mathmargin=\skip53

For additional information on amsmath, use the `?' option.
(/usr/share/texlive/texmf-dist/tex/latex/amsmath/amstext.sty
Package: amstext 2000/06/29 v2.01 AMS text

(/usr/share/texlive/texmf-dist/tex/latex/amsmath/amsgen.sty
File: amsgen.sty 1999/11/30 v2.0 generic functions
\@emptytoks=\toks21
\ex@=\dimen139
))
(/usr/share/texlive/texmf-dist/tex/latex/amsmath/amsbsy.sty
Package: amsbsy 1999/11/29 v1.2d Bold Symbols
\pmbraise@=\dimen140
)
(/usr/share/texlive/texmf-dist/tex/latex/amsmath/amsopn.sty
Package: amsopn 2016/03/08 v2.02 operator names
)
\inf@bad=\count178
LaTeX Info: Redefining \frac on input line 227.
\uproot@=\count179
\leftroot@=\count180
LaTeX Info: Redefining \overline on input line 389.
\classnum@=\count181
\DOTSCASE@=\count182
LaTeX Info: Redefining \ldots on input line 486.
LaTeX Info: Redefining \dots on input line 489.
LaTeX Info: Redefining \cdots on input line 610.
\Mathstrutbox@=\box45
\strutbox@=\box46
\big@size=\dimen141
LaTeX Font Info:    Redeclaring font encoding OML on input line 733.
LaTeX Font Info:    Redeclaring font encoding OMS on input line 734.
\macc@depth=\count183
\c@MaxMatrixCols=\count184
\dotsspace@=\muskip16
\c@parentequation=\count185
\dspbrk@lvl=\count186
\tag@help=\toks22
\row@=\count187
\column@=\count188
\maxfields@=\count189
\andhelp@=\toks23
\eqnshift@=\dimen142
\alignsep@=\dimen143
\tagshift@=\dimen144
\tagwidth@=\dimen145
\totwidth@=\dimen146
\lineht@=\dimen147
\@envbody=\toks24
\multlinegap=\skip54
\multlinetaggap=\skip55
\mathdisplay@stack=\toks25
LaTeX Info: Redefining \[ on input line 2859.
LaTeX Info: Redefining \] on input line 2860.
)
(/usr/share/texlive/texmf-dist/tex/latex/amsfonts/amssymb.sty
Package: amssymb 2013/01/14 v3.01 AMS font symbols

(/usr/share/texlive/texmf-dist/tex/latex/amsfonts/amsfonts.sty
Package: amsfonts 2013/01/14 v3.01 Basic AMSFonts support
\symAMSa=\mathgroup5
\symAMSb=\mathgroup6
LaTeX Font Info:    Redeclaring math symbol \hbar on input line 98.
LaTeX Font Info:    Overwriting math alphabet `\mathfrak' in version `bold'
(Font)                  U/euf/m/n --> U/euf/b/n on input line 106.
))
(/usr/share/texlive/texmf-dist/tex/latex/amsmath/amscd.sty
Package: amscd 2017/04/14 v2.1 AMS Commutative Diagrams
\athelp@=\toks26
\minaw@=\dimen148
\bigaw@=\dimen149
\minCDarrowwidth=\dimen150
)
(/usr/share/texlive/texmf-dist/tex/latex/multirow/multirow.sty
Package: multirow 2019/05/31 v2.5 Span multiple rows of a table
\multirow@colwidth=\skip56
\multirow@cntb=\count190
\multirow@dima=\skip57
\bigstrutjot=\dimen151
)
(/usr/share/texlive/texmf-dist/tex/latex/chicago/chicago.sty
Using Chicago Manual of Style bibliography: 31 August 1992
\bibhang=\skip58
\bibindent=\dimen152
) (/usr/share/texlive/texmf-dist/tex/latex/psfrag/psfrag.sty
Package: psfrag 1998/04/11 v3.04 PSfrag (MCG)
\pfg@pcount=\count191
\pfg@scount=\count192
\pfg@temp=\write3
)
\c@theorem=\count193
\c@property=\count194

(/usr/share/texlive/texmf-dist/tex/latex/l3backend/l3backend-pdfmode.def
File: l3backend-pdfmode.def 2020-02-03 L3 backend support: PDF mode
\l__kernel_color_stack_int=\count195
\l__pdf_internal_box=\box47
)
No file JieLi-designpapersupplement-update3.aux.
\openout1 = `JieLi-designpapersupplement-update3.aux'.

LaTeX Font Info:    Checking defaults for OML/cmm/m/it on input line 40.
LaTeX Font Info:    ... okay on input line 40.
LaTeX Font Info:    Checking defaults for OMS/cmsy/m/n on input line 40.
LaTeX Font Info:    ... okay on input line 40.
LaTeX Font Info:    Checking defaults for OT1/cmr/m/n on input line 40.
LaTeX Font Info:    ... okay on input line 40.
LaTeX Font Info:    Checking defaults for T1/cmr/m/n on input line 40.
LaTeX Font Info:    ... okay on input line 40.
LaTeX Font Info:    Checking defaults for TS1/cmr/m/n on input line 40.
LaTeX Font Info:    ... okay on input line 40.
LaTeX Font Info:    Checking defaults for OMX/cmex/m/n on input line 40.
LaTeX Font Info:    ... okay on input line 40.
LaTeX Font Info:    Checking defaults for U/cmr/m/n on input line 40.
LaTeX Font Info:    ... okay on input line 40.
(/usr/share/texlive/texmf-dist/tex/context/base/mkii/supp-pdf.mkii
[Loading MPS to PDF converter (version 2006.09.02).]
\scratchcounter=\count196
\scratchdimen=\dimen153
\scratchbox=\box48
\nofMPsegments=\count197
\nofMParguments=\count198
\everyMPshowfont=\toks27
\MPscratchCnt=\count199
\MPscratchDim=\dimen154
\MPnumerator=\count266
\makeMPintoPDFobject=\count267
\everyMPtoPDFconversion=\toks28
) (/usr/share/texlive/texmf-dist/tex/latex/epstopdf-pkg/epstopdf-base.sty
Package: epstopdf-base 2020-01-24 v2.11 Base part for package epstopdf
Package epstopdf-base Info: Redefining graphics rule for `.eps' on input line 4
85.

(/usr/share/texlive/texmf-dist/tex/latex/latexconfig/epstopdf-sys.cfg
File: epstopdf-sys.cfg 2010/07/13 v1.3 Configuration of (r)epstopdf for TeX Liv
e
))
LaTeX Font Info:    Trying to load font information for U+lasy on input line 48
.

(/usr/share/texlive/texmf-dist/tex/latex/base/ulasy.fd
File: ulasy.fd 1998/08/17 v2.2e LaTeX symbol font definitions
)
LaTeX Font Info:    Trying to load font information for U+msa on input line 48.


(/usr/share/texlive/texmf-dist/tex/latex/amsfonts/umsa.fd
File: umsa.fd 2013/01/14 v3.01 AMS symbols A
)
LaTeX Font Info:    Trying to load font information for U+msb on input line 48.


(/usr/share/texlive/texmf-dist/tex/latex/amsfonts/umsb.fd
File: umsb.fd 2013/01/14 v3.01 AMS symbols B
) [1
Non-PDF special ignored!
<special> header=psfrag.pro

{/var/lib/texmf/fonts/map/pdftex/updmap/pdftex.map}]
LaTeX Font Info:    Font shape `U/lasy/b/n' in size <8> not available
(Font)              Font shape `U/lasy/m/n' tried instead on input line 67.
LaTeX Font Info:    Font shape `U/lasy/b/n' in size <6> not available
(Font)              Font shape `U/lasy/m/n' tried instead on input line 67.
 [2]
Overfull \hbox (2.67436pt too wide) in paragraph at lines 108--112
\OT1/cmr/m/n/12 Supplemental Ta-ble 2: Rel-a-tive CPE-efficiencies of lo-cally 
CPE-optimal de-signs ($[\OML/cmm/m/it/12 ^^M[]\OT1/cmr/m/n/12 (\OML/cmm/m/it/12
 D[]$ 
 []

[3]
Overfull \hbox (1.6381pt too wide) in paragraph at lines 149--154
\OT1/cmr/m/n/12 and $[][]$ to columns) and the lo-cally worst de-sign ($[\OML/c
mm/m/it/12 ^^M[]\OT1/cmr/m/n/12 (\OML/cmm/m/it/12 D[]\OT1/cmr/m/n/12 ([]); [])\
OML/cmm/m/it/12 = [][] ^^M[]\OT1/cmr/m/n/12 (\OML/cmm/m/it/12 D\OT1/cmr/m/n/12 
;$ 
 []

[4] [5] [6]
<saablup_NS3.pdf, id=37, 505.89pt x 505.89pt>
File: saablup_NS3.pdf Graphic file (type pdf)
<use saablup_NS3.pdf>
Package pdftex.def Info: saablup_NS3.pdf  used on input line 313.
(pdftex.def)             Requested size: 234.8775pt x 234.88132pt.
<saacovest_matern2.pdf, id=38, 505.89pt x 505.89pt>
File: saacovest_matern2.pdf Graphic file (type pdf)
<use saacovest_matern2.pdf>
Package pdftex.def Info: saacovest_matern2.pdf  used on input line 320.
(pdftex.def)             Requested size: 234.8775pt x 234.88132pt.
<saacovest_matern1.pdf, id=39, 505.89pt x 505.89pt>
File: saacovest_matern1.pdf Graphic file (type pdf)
<use saacovest_matern1.pdf>
Package pdftex.def Info: saacovest_matern1.pdf  used on input line 328.
(pdftex.def)             Requested size: 234.8775pt x 234.88132pt.
<saaeblup_matern2.pdf, id=40, 505.89pt x 505.89pt>
File: saaeblup_matern2.pdf Graphic file (type pdf)
<use saaeblup_matern2.pdf>
Package pdftex.def Info: saaeblup_matern2.pdf  used on input line 335.
(pdftex.def)             Requested size: 234.8775pt x 234.88132pt.
<saaeblup_matern1.pdf, id=41, 505.89pt x 505.89pt>
File: saaeblup_matern1.pdf Graphic file (type pdf)
<use saaeblup_matern1.pdf>
Package pdftex.def Info: saaeblup_matern1.pdf  used on input line 342.
(pdftex.def)             Requested size: 234.8775pt x 234.88132pt.
<saaeblup_NS2.pdf, id=42, 505.89pt x 505.89pt>
File: saaeblup_NS2.pdf Graphic file (type pdf)
<use saaeblup_NS2.pdf>
Package pdftex.def Info: saaeblup_NS2.pdf  used on input line 349.
(pdftex.def)             Requested size: 234.8775pt x 234.88132pt.
<saaeblup_NS1.pdf, id=43, 505.89pt x 505.89pt>
File: saaeblup_NS1.pdf Graphic file (type pdf)
<use saaeblup_NS1.pdf>
Package pdftex.def Info: saaeblup_NS1.pdf  used on input line 356.
(pdftex.def)             Requested size: 234.8775pt x 234.88132pt.
<saaeblup_NS3.pdf, id=44, 505.89pt x 505.89pt>
File: saaeblup_NS3.pdf Graphic file (type pdf)
<use saaeblup_NS3.pdf>
Package pdftex.def Info: saaeblup_NS3.pdf  used on input line 363.
(pdftex.def)             Requested size: 234.8775pt x 234.88132pt.
<covestns4toy.pdf, id=45, 505.89pt x 168.63pt>
File: covestns4toy.pdf Graphic file (type pdf)
<use covestns4toy.pdf>
Package pdftex.def Info: covestns4toy.pdf  used on input line 370.
(pdftex.def)             Requested size: 234.8775pt x 78.29376pt.
<saablup_NS2_imbalanced.pdf, id=46, 505.89pt x 505.89pt>
File: saablup_NS2_imbalanced.pdf Graphic file (type pdf)
<use saablup_NS2_imbalanced.pdf>
Package pdftex.def Info: saablup_NS2_imbalanced.pdf  used on input line 377.
(pdftex.def)             Requested size: 234.8775pt x 234.88132pt.
<saacovest_NS2_imbalanced.pdf, id=47, 505.89pt x 505.89pt>
File: saacovest_NS2_imbalanced.pdf Graphic file (type pdf)
<use saacovest_NS2_imbalanced.pdf>
Package pdftex.def Info: saacovest_NS2_imbalanced.pdf  used on input line 384.
(pdftex.def)             Requested size: 234.8775pt x 234.88132pt.
<saaeblup_NS2_imbalanced.pdf, id=48, 505.89pt x 505.89pt>
File: saaeblup_NS2_imbalanced.pdf Graphic file (type pdf)
<use saaeblup_NS2_imbalanced.pdf>
Package pdftex.def Info: saaeblup_NS2_imbalanced.pdf  used on input line 391.
(pdftex.def)             Requested size: 234.8775pt x 234.88132pt.
<desirability.pdf, id=49, 505.89pt x 168.63pt>
File: desirability.pdf Graphic file (type pdf)
<use desirability.pdf>
Package pdftex.def Info: desirability.pdf  used on input line 398.
(pdftex.def)             Requested size: 234.8775pt x 78.29376pt.
<saablup_planar.pdf, id=50, 505.89pt x 505.89pt>
File: saablup_planar.pdf Graphic file (type pdf)
<use saablup_planar.pdf>
Package pdftex.def Info: saablup_planar.pdf  used on input line 405.
(pdftex.def)             Requested size: 155.02pt x 155.01796pt.
 [7 <./saablup_NS3.pdf>] [8 <./saacovest_matern2.pdf> <./saacovest_matern1.pdf>
] [9 <./saaeblup_matern2.pdf> <./saaeblup_matern1.pdf>] [10 <./saaeblup_NS2.pdf
> <./saaeblup_NS1.pdf>] [11 <./saaeblup_NS3.pdf> <./covestns4toy.pdf>] [12 <./s
aablup_NS2_imbalanced.pdf> <./saacovest_NS2_imbalanced.pdf>]
[13 <./saaeblup_NS2_imbalanced.pdf> <./desirability.pdf>] [14 <./saablup_planar
.pdf>] [15]
Overfull \hbox (36.681pt too wide) in alignment at lines 502--509
 [][][] []
 []

[16]

LaTeX Warning: Reference `eq:detv' on page 17 undefined on input line 534.


LaTeX Warning: Reference `eq:detvcollocated' on page 17 undefined on input line
 536.


Overfull \hbox (11.32341pt too wide) in alignment at lines 547--555
 [][][] []
 []

[17]
Overfull \hbox (32.0436pt too wide) detected at line 599
[][]\OT1/cmr/m/n/12 (\OT1/cmr/bx/n/12 P[]P[]\OT1/cmr/m/n/12 ) = []
 []

[18] [19] (./JieLi-designpapersupplement-update3.aux)

LaTeX Warning: There were undefined references.


LaTeX Warning: Label(s) may have changed. Rerun to get cross-references right.

 ) 
Here is how much of TeX's memory you used:
 2915 strings out of 481239
 39306 string characters out of 5920377
 287237 words of memory out of 5000000
 18116 multiletter control sequences out of 15000+600000
 546031 words of font info for 80 fonts, out of 8000000 for 9000
 1141 hyphenation exceptions out of 8191
 38i,12n,31p,1009b,287s stack positions out of 5000i,500n,10000p,200000b,80000s
{/usr/share/texmf/fonts/enc/dvips/cm-super/cm-super-ts1.enc}</usr/share/texli
ve/texmf-dist/fonts/type1/public/amsfonts/cm/cmbx10.pfb></usr/share/texlive/tex
mf-dist/fonts/type1/public/amsfonts/cm/cmbx12.pfb></usr/share/texlive/texmf-dis
t/fonts/type1/public/amsfonts/cm/cmbx8.pfb></usr/share/texlive/texmf-dist/fonts
/type1/public/amsfonts/cm/cmex10.pfb></usr/share/texlive/texmf-dist/fonts/type1
/public/amsfonts/cm/cmmi10.pfb></usr/share/texlive/texmf-dist/fonts/type1/publi
c/amsfonts/cm/cmmi12.pfb></usr/share/texlive/texmf-dist/fonts/type1/public/amsf
onts/cm/cmmi6.pfb></usr/share/texlive/texmf-dist/fonts/type1/public/amsfonts/cm
/cmmi7.pfb></usr/share/texlive/texmf-dist/fonts/type1/public/amsfonts/cm/cmmi8.
pfb></usr/share/texlive/texmf-dist/fonts/type1/public/amsfonts/cm/cmmib10.pfb><
/usr/share/texlive/texmf-dist/fonts/type1/public/amsfonts/cm/cmr10.pfb></usr/sh
are/texlive/texmf-dist/fonts/type1/public/amsfonts/cm/cmr12.pfb></usr/share/tex
live/texmf-dist/fonts/type1/public/amsfonts/cm/cmr17.pfb></usr/share/texlive/te
xmf-dist/fonts/type1/public/amsfonts/cm/cmr6.pfb></usr/share/texlive/texmf-dist
/fonts/type1/public/amsfonts/cm/cmr8.pfb></usr/share/texlive/texmf-dist/fonts/t
ype1/public/amsfonts/cm/cmsy10.pfb></usr/share/texlive/texmf-dist/fonts/type1/p
ublic/amsfonts/cm/cmsy6.pfb></usr/share/texlive/texmf-dist/fonts/type1/public/a
msfonts/cm/cmsy8.pfb></usr/share/texmf/fonts/type1/public/cm-super/sfrm0700.pfb
></usr/share/texmf/fonts/type1/public/cm-super/sfrm1000.pfb>
Output written on JieLi-designpapersupplement-update3.pdf (19 pages, 321353 byt
es).
PDF statistics:
 260 PDF objects out of 1000 (max. 8388607)
 189 compressed objects within 2 object streams
 0 named destinations out of 1000 (max. 500000)
 71 words of extra memory for PDF output out of 10000 (max. 10000000)

