This is pdfTeX, Version 3.14159265-2.6-1.40.20 (TeX Live 2019/Debian) (preloaded format=pdflatex 2022.2.11)  16 OCT 2022 11:35
entering extended mode
 restricted \write18 enabled.
 file:line:error style messages enabled.
 %&-line parsing enabled.
**DaleChap9103.bib
(./DaleChap9103.bib
LaTeX2e <2020-02-02> patch level 2
L3 programming layer <2020-02-14>

./DaleChap9103.bib:2: LaTeX Error: Missing \begin{document}.

See the LaTeX manual or LaTeX Companion for explanation.
Type  H <return>  for immediate help.
 ...                                              
                                                  
l.2 @
     article{NeitlichEtAl2017Trendsspatialpatterns,
? 
./DaleChap9103.bib:2: Emergency stop.
 ...                                              
                                                  
l.2 @
     article{NeitlichEtAl2017Trendsspatialpatterns,
You're in trouble here.  Try typing  <return>  to proceed.
If that doesn't work, type  X <return>  to quit.

 
Here is how much of TeX's memory you used:
 18 strings out of 481239
 546 string characters out of 5920377
 236564 words of memory out of 5000000
 15384 multiletter control sequences out of 15000+600000
 532338 words of font info for 24 fonts, out of 8000000 for 9000
 1141 hyphenation exceptions out of 8191
 12i,0n,15p,66b,14s stack positions out of 5000i,500n,10000p,200000b,80000s
./DaleChap9103.bib:2:  ==> Fatal error occurred, no output PDF file produced!
